"C:\Program Files\JetBrains\CLion 2020.1.1\bin\cmake\win\bin\cmake.exe" -DCMAKE_BUILD_TYPE=Debug -G "CodeBlocks - MinGW Makefiles" C:\Users\金属锋暴\Projects\HeadFirstC
-- The C compiler identification is GNU 8.1.0
-- Check for working C compiler: C:/Program Files/mingw-w64/x86_64-8.1.0-release-win32-seh-rt_v6-rev0/mingw64/bin/gcc.exe
-- Check for working C compiler: C:/Program Files/mingw-w64/x86_64-8.1.0-release-win32-seh-rt_v6-rev0/mingw64/bin/gcc.exe -- broken
CMake Error at C:/Program Files/JetBrains/CLion 2020.1.1/bin/cmake/win/share/cmake-3.16/Modules/CMakeTestCCompiler.cmake:60 (message):
  The C compiler

    "C:/Program Files/mingw-w64/x86_64-8.1.0-release-win32-seh-rt_v6-rev0/mingw64/bin/gcc.exe"

  is not able to compile a simple test program.

  It fails with the following output:

    Change Dir: C:/Users/閲戝睘閿嬫毚/Projects/HeadfirstC/cmake-build-debug/CMakeFiles/CMakeTmp
    
    Run Build Command(s):C:/PROGRA~1/MINGW-~1/X86_64~1.0-R/mingw64/bin/mingw32-make.exe cmTC_a25d5/fast && C:/PROGRA~1/MINGW-~1/X86_64~1.0-R/mingw64/bin/mingw32-make.exe -f CMakeFiles\cmTC_a25d5.dir\build.make CMakeFiles/cmTC_a25d5.dir/build
    mingw32-make.exe[1]: Entering directory 'C:/Users/閲戝睘閿嬫毚/Projects/HeadfirstC/cmake-build-debug/CMakeFiles/CMakeTmp'
    Building C object CMakeFiles/cmTC_a25d5.dir/testCCompiler.c.obj
    C:\PROGRA~1\MINGW-~1\X86_64~1.0-R\mingw64\bin\gcc.exe    -o CMakeFiles\cmTC_a25d5.dir\testCCompiler.c.obj   -c C:\Users\闁叉垵鐫橀柨瀣瘹\Projects\HeadfirstC\cmake-build-debug\CMakeFiles\CMakeTmp\testCCompiler.c
    gcc.exe: error: C:\Users\闁叉垵鐫橀柨瀣瘹\Projects\HeadfirstC\cmake-build-debug\CMakeFiles\CMakeTmp\testCCompiler.c: No such file or directory
    gcc.exe: fatal error: no input files
    compilation terminated.
    mingw32-make.exe[1]: *** [CMakeFiles\cmTC_a25d5.dir\build.make:65: CMakeFiles/cmTC_a25d5.dir/testCCompiler.c.obj] Error 1
    mingw32-make.exe[1]: Leaving directory 'C:/Users/閲戝睘閿嬫毚/Projects/HeadfirstC/cmake-build-debug/CMakeFiles/CMakeTmp'
    mingw32-make.exe: *** [Makefile:120: cmTC_a25d5/fast] Error 2
    
    

  

  CMake will not be able to correctly generate this project.
Call Stack (most recent call first):
  CMakeLists.txt:2 (project)


-- Configuring incomplete, errors occurred!
See also "C:/Users/閲戝睘閿嬫毚/Projects/HeadfirstC/cmake-build-debug/CMakeFiles/CMakeOutput.log".
See also "C:/Users/閲戝睘閿嬫毚/Projects/HeadfirstC/cmake-build-debug/CMakeFiles/CMakeError.log".
